<?xml version="1.0" encoding="UTF-8"?>
<testsuite xmlns:xsi="http://www.w3.org/2001/XMLSchema-instance" xsi:noNamespaceSchemaLocation="https://maven.apache.org/surefire/maven-surefire-plugin/xsd/surefire-test-report.xsd" name="org.seckill.dao.SeckillDaoTest" time="0.871" tests="3" errors="1" skipped="0" failures="0">
  <properties>
[...]
</properties>
  <testcase name="testQueryById" classname="org.seckill.dao.SeckillDaoTest" time="0.111">
    <error type="java.lang.NullPointerException">java.lang.NullPointerException
	at org.seckill.dao.SeckillDaoTest.testQueryById(SeckillDaoTest.java:31)
</error>
    <system-out><![CDATA[09:28:18.945 [main] DEBUG o.s.t.c.j.SpringJUnit4ClassRunner - SpringJUnit4ClassRunner constructor called with [class org.seckill.dao.SeckillDaoTest]
09:28:18.945 [main] DEBUG o.s.test.context.BootstrapUtils - Instantiating CacheAwareContextLoaderDelegate from class [org.springframework.test.context.cache.DefaultCacheAwareContextLoaderDelegate]
09:28:18.945 [main] DEBUG o.s.test.context.BootstrapUtils - Instantiating BootstrapContext using constructor [public org.springframework.test.context.support.DefaultBootstrapContext(java.lang.Class,org.springframework.test.context.CacheAwareContextLoaderDelegate)]
09:28:18.946 [main] DEBUG o.s.test.context.BootstrapUtils - Instantiating TestContextBootstrapper for test class [org.seckill.dao.SeckillDaoTest] from class [org.springframework.test.context.support.DefaultTestContextBootstrapper]
09:28:18.946 [main] DEBUG o.s.t.c.s.AbstractDelegatingSmartContextLoader - Delegating to GenericXmlContextLoader to process context configuration [ContextConfigurationAttributes@5b22b970 declaringClass = 'org.seckill.dao.SeckillDaoTest', classes = '{}', locations = '{classpath:spring/spring-dao.xml}', inheritLocations = true, initializers = '{}', inheritInitializers = true, name = [null], contextLoaderClass = 'org.springframework.test.context.ContextLoader'].
09:28:18.947 [main] DEBUG o.s.t.c.support.ActiveProfilesUtils - Could not find an 'annotation declaring class' for annotation type [org.springframework.test.context.ActiveProfiles] and class [org.seckill.dao.SeckillDaoTest]
09:28:18.947 [main] DEBUG o.s.t.c.s.DefaultTestContextBootstrapper - @TestExecutionListeners is not present for class [org.seckill.dao.SeckillDaoTest]: using defaults.
09:28:18.947 [main] INFO  o.s.t.c.s.DefaultTestContextBootstrapper - Loaded default TestExecutionListener class names from location [META-INF/spring.factories]: [org.springframework.test.context.web.ServletTestExecutionListener, org.springframework.test.context.support.DirtiesContextBeforeModesTestExecutionListener, org.springframework.test.context.support.DependencyInjectionTestExecutionListener, org.springframework.test.context.support.DirtiesContextTestExecutionListener, org.springframework.test.context.transaction.TransactionalTestExecutionListener, org.springframework.test.context.jdbc.SqlScriptsTestExecutionListener]
09:28:18.947 [main] INFO  o.s.t.c.s.DefaultTestContextBootstrapper - Using TestExecutionListeners: [org.springframework.test.context.web.ServletTestExecutionListener@22d1886d, org.springframework.test.context.support.DirtiesContextBeforeModesTestExecutionListener@7df60067, org.springframework.test.context.support.DependencyInjectionTestExecutionListener@1cbb3d3b, org.springframework.test.context.support.DirtiesContextTestExecutionListener@529cfee5, org.springframework.test.context.transaction.TransactionalTestExecutionListener@7ca0863b, org.springframework.test.context.jdbc.SqlScriptsTestExecutionListener@319854f0]
09:28:18.947 [main] DEBUG o.s.t.annotation.ProfileValueUtils - Retrieved @ProfileValueSourceConfiguration [null] for test class [org.seckill.dao.SeckillDaoTest]
09:28:18.948 [main] DEBUG o.s.t.annotation.ProfileValueUtils - Retrieved ProfileValueSource type [class org.springframework.test.annotation.SystemProfileValueSource] for class [org.seckill.dao.SeckillDaoTest]
09:28:18.948 [main] DEBUG o.s.t.annotation.ProfileValueUtils - Retrieved @ProfileValueSourceConfiguration [null] for test class [org.seckill.dao.SeckillDaoTest]
09:28:18.948 [main] DEBUG o.s.t.annotation.ProfileValueUtils - Retrieved ProfileValueSource type [class org.springframework.test.annotation.SystemProfileValueSource] for class [org.seckill.dao.SeckillDaoTest]
09:28:18.948 [main] DEBUG o.s.t.annotation.ProfileValueUtils - Retrieved @ProfileValueSourceConfiguration [null] for test class [org.seckill.dao.SeckillDaoTest]
09:28:18.948 [main] DEBUG o.s.t.annotation.ProfileValueUtils - Retrieved ProfileValueSource type [class org.springframework.test.annotation.SystemProfileValueSource] for class [org.seckill.dao.SeckillDaoTest]
09:28:18.948 [main] DEBUG o.s.t.c.s.AbstractDirtiesContextTestExecutionListener - Before test class: context [DefaultTestContext@748fe51d testClass = SeckillDaoTest, testInstance = [null], testMethod = [null], testException = [null], mergedContextConfiguration = [MergedContextConfiguration@415156bf testClass = SeckillDaoTest, locations = '{classpath:spring/spring-dao.xml}', classes = '{}', contextInitializerClasses = '[]', activeProfiles = '{}', propertySourceLocations = '{}', propertySourceProperties = '{}', contextCustomizers = set[[empty]], contextLoader = 'org.springframework.test.context.support.DelegatingSmartContextLoader', parent = [null]], attributes = map[[empty]]], class annotated with @DirtiesContext [false] with mode [null].
09:28:18.948 [main] DEBUG o.s.t.annotation.ProfileValueUtils - Retrieved @ProfileValueSourceConfiguration [null] for test class [org.seckill.dao.SeckillDaoTest]
09:28:18.948 [main] DEBUG o.s.t.annotation.ProfileValueUtils - Retrieved ProfileValueSource type [class org.springframework.test.annotation.SystemProfileValueSource] for class [org.seckill.dao.SeckillDaoTest]
09:28:18.949 [main] DEBUG o.s.t.c.s.DependencyInjectionTestExecutionListener - Performing dependency injection for test context [[DefaultTestContext@748fe51d testClass = SeckillDaoTest, testInstance = org.seckill.dao.SeckillDaoTest@393881f0, testMethod = [null], testException = [null], mergedContextConfiguration = [MergedContextConfiguration@415156bf testClass = SeckillDaoTest, locations = '{classpath:spring/spring-dao.xml}', classes = '{}', contextInitializerClasses = '[]', activeProfiles = '{}', propertySourceLocations = '{}', propertySourceProperties = '{}', contextCustomizers = set[[empty]], contextLoader = 'org.springframework.test.context.support.DelegatingSmartContextLoader', parent = [null]], attributes = map[[empty]]]].
09:28:18.949 [main] DEBUG o.s.t.c.c.DefaultCacheAwareContextLoaderDelegate - Retrieved ApplicationContext from cache with key [[MergedContextConfiguration@415156bf testClass = SeckillDaoTest, locations = '{classpath:spring/spring-dao.xml}', classes = '{}', contextInitializerClasses = '[]', activeProfiles = '{}', propertySourceLocations = '{}', propertySourceProperties = '{}', contextCustomizers = set[[empty]], contextLoader = 'org.springframework.test.context.support.DelegatingSmartContextLoader', parent = [null]]]
09:28:18.949 [main] DEBUG o.springframework.test.context.cache - Spring test ApplicationContext cache statistics: [DefaultContextCache@6e4ea0bd size = 1, maxSize = 32, parentContextCount = 0, hitCount = 1, missCount = 1]
09:28:18.950 [main] DEBUG o.s.t.c.s.AbstractDirtiesContextTestExecutionListener - Before test method: context [DefaultTestContext@748fe51d testClass = SeckillDaoTest, testInstance = org.seckill.dao.SeckillDaoTest@393881f0, testMethod = testQueryById@SeckillDaoTest, testException = [null], mergedContextConfiguration = [MergedContextConfiguration@415156bf testClass = SeckillDaoTest, locations = '{classpath:spring/spring-dao.xml}', classes = '{}', contextInitializerClasses = '[]', activeProfiles = '{}', propertySourceLocations = '{}', propertySourceProperties = '{}', contextCustomizers = set[[empty]], contextLoader = 'org.springframework.test.context.support.DelegatingSmartContextLoader', parent = [null]], attributes = map[[empty]]], class annotated with @DirtiesContext [false] with mode [null], method annotated with @DirtiesContext [false] with mode [null].
09:28:18.951 [main] DEBUG org.mybatis.spring.SqlSessionUtils - Creating a new SqlSession
09:28:18.951 [main] DEBUG org.mybatis.spring.SqlSessionUtils - SqlSession [org.apache.ibatis.session.defaults.DefaultSqlSession@4158debd] was not registered for synchronization because synchronization is not active
09:28:18.951 [main] DEBUG o.s.jdbc.datasource.DataSourceUtils - Fetching JDBC Connection from DataSource
09:28:18.951 [main] DEBUG o.m.s.t.SpringManagedTransaction - JDBC Connection [com.mchange.v2.c3p0.impl.NewProxyConnection@773dab28] will not be managed by Spring
09:28:18.951 [main] DEBUG org.seckill.dao.SeckillDao.queryById - ==>  Preparing: select seckill_id as seckillId, name, number, start_time, end_time, create_time from seckill where seckill_id = ? 
09:28:18.951 [main] DEBUG org.seckill.dao.SeckillDao.queryById - ==> Parameters: 1012(Long)
09:28:18.953 [main] DEBUG org.seckill.dao.SeckillDao.queryById - <==      Total: 0
09:28:18.953 [main] DEBUG org.mybatis.spring.SqlSessionUtils - Closing non transactional SqlSession [org.apache.ibatis.session.defaults.DefaultSqlSession@4158debd]
09:28:18.954 [main] DEBUG o.s.t.c.s.AbstractDirtiesContextTestExecutionListener - After test method: context [DefaultTestContext@748fe51d testClass = SeckillDaoTest, testInstance = org.seckill.dao.SeckillDaoTest@393881f0, testMethod = testQueryById@SeckillDaoTest, testException = java.lang.NullPointerException, mergedContextConfiguration = [MergedContextConfiguration@415156bf testClass = SeckillDaoTest, locations = '{classpath:spring/spring-dao.xml}', classes = '{}', contextInitializerClasses = '[]', activeProfiles = '{}', propertySourceLocations = '{}', propertySourceProperties = '{}', contextCustomizers = set[[empty]], contextLoader = 'org.springframework.test.context.support.DelegatingSmartContextLoader', parent = [null]], attributes = map[[empty]]], class annotated with @DirtiesContext [false] with mode [null], method annotated with @DirtiesContext [false] with mode [null].
]]></system-out>
  </testcase>
  <testcase name="testQueryAll" classname="org.seckill.dao.SeckillDaoTest" time="0.145"/>
  <testcase name="testReduceNumber" classname="org.seckill.dao.SeckillDaoTest" time="0.112"/>
</testsuite>